0 info it worked if it ends with ok
1 verbose cli [ 'node', '/usr/local/bin/npm', 'install', 'jeet', '-g' ]
2 info using npm@1.4.28
3 info using node@v0.10.35
4 verbose cache add [ 'jeet', null ]
5 verbose cache add name=undefined spec="jeet" args=["jeet",null]
6 verbose parsed url { protocol: null,
6 verbose parsed url   slashes: null,
6 verbose parsed url   auth: null,
6 verbose parsed url   host: null,
6 verbose parsed url   port: null,
6 verbose parsed url   hostname: null,
6 verbose parsed url   hash: null,
6 verbose parsed url   search: null,
6 verbose parsed url   query: null,
6 verbose parsed url   pathname: 'jeet',
6 verbose parsed url   path: 'jeet',
6 verbose parsed url   href: 'jeet' }
7 silly lockFile c6570d2e-jeet jeet
8 verbose lock jeet /Users/Davidson/.npm/c6570d2e-jeet.lock
9 silly lockFile c6570d2e-jeet jeet
10 silly lockFile c6570d2e-jeet jeet
11 verbose addNamed [ 'jeet', '' ]
12 verbose addNamed [ null, '*' ]
13 silly lockFile 8d729549-jeet jeet@
14 verbose lock jeet@ /Users/Davidson/.npm/8d729549-jeet.lock
15 silly addNameRange { name: 'jeet', range: '*', hasData: false }
16 verbose request where is /jeet
17 verbose request registry https://registry.npmjs.org/
18 verbose request id 06e9f351edd1ab03
19 verbose url raw /jeet
20 verbose url resolving [ 'https://registry.npmjs.org/', './jeet' ]
21 verbose url resolved https://registry.npmjs.org/jeet
22 verbose request where is https://registry.npmjs.org/jeet
23 info trying registry request attempt 1 at 17:05:40
24 http GET https://registry.npmjs.org/jeet
25 http 200 https://registry.npmjs.org/jeet
26 silly registry.get cb [ 200,
26 silly registry.get   { date: 'Sun, 08 Mar 2015 23:05:41 GMT',
26 silly registry.get     server: 'CouchDB/1.5.0 (Erlang OTP/R16B03)',
26 silly registry.get     etag: '"6CARRSBLH4S45ZHE6OIMAK0A4"',
26 silly registry.get     'content-type': 'application/json',
26 silly registry.get     'cache-control': 'max-age=60',
26 silly registry.get     'content-length': '59145',
26 silly registry.get     'accept-ranges': 'bytes',
26 silly registry.get     via: '1.1 varnish',
26 silly registry.get     age: '0',
26 silly registry.get     'x-served-by': 'cache-lax1430-LAX',
26 silly registry.get     'x-cache': 'MISS',
26 silly registry.get     'x-cache-hits': '0',
26 silly registry.get     'x-timer': 'S1425855941.118118,VS0,VE72',
26 silly registry.get     vary: 'Accept',
26 silly registry.get     'keep-alive': 'timeout=10, max=50',
26 silly registry.get     connection: 'Keep-Alive' } ]
27 silly addNameRange number 2 { name: 'jeet', range: '*', hasData: true }
28 silly addNameRange versions [ 'jeet',
28 silly addNameRange   [ '0.1.2',
28 silly addNameRange     '0.1.3',
28 silly addNameRange     '0.1.3-1',
28 silly addNameRange     '0.2.0-0',
28 silly addNameRange     '0.2.0-1',
28 silly addNameRange     '0.2.0-2',
28 silly addNameRange     '0.3.0-0',
28 silly addNameRange     '0.3.1',
28 silly addNameRange     '0.4.1',
28 silly addNameRange     '0.4.4',
28 silly addNameRange     '0.4.6',
28 silly addNameRange     '0.4.7',
28 silly addNameRange     '0.4.8',
28 silly addNameRange     '0.4.9',
28 silly addNameRange     '0.5.0',
28 silly addNameRange     '0.5.1',
28 silly addNameRange     '0.5.2',
28 silly addNameRange     '3.0.0',
28 silly addNameRange     '0.5.4',
28 silly addNameRange     '0.5.5',
28 silly addNameRange     '0.5.6',
28 silly addNameRange     '3.0.1',
28 silly addNameRange     '3.0.2',
28 silly addNameRange     '3.0.3',
28 silly addNameRange     '3.0.4',
28 silly addNameRange     '3.0.5',
28 silly addNameRange     '3.0.6',
28 silly addNameRange     '3.0.7',
28 silly addNameRange     '3.0.8',
28 silly addNameRange     '3.0.9',
28 silly addNameRange     '3.0.10',
28 silly addNameRange     '3.0.11',
28 silly addNameRange     '3.0.12',
28 silly addNameRange     '3.0.14',
28 silly addNameRange     '3.0.15',
28 silly addNameRange     '3.0.16',
28 silly addNameRange     '3.0.17',
28 silly addNameRange     '3.0.18',
28 silly addNameRange     '3.0.19',
28 silly addNameRange     '4.0.0',
28 silly addNameRange     '4.0.1',
28 silly addNameRange     '4.0.2',
28 silly addNameRange     '4.1.0',
28 silly addNameRange     '4.1.1',
28 silly addNameRange     '5.0.0',
28 silly addNameRange     '5.0.1',
28 silly addNameRange     '5.0.2',
28 silly addNameRange     '5.1.2',
28 silly addNameRange     '5.1.3',
28 silly addNameRange     '5.1.5',
28 silly addNameRange     '5.2.6',
28 silly addNameRange     '5.2.7',
28 silly addNameRange     '5.2.8',
28 silly addNameRange     '5.2.9',
28 silly addNameRange     '5.2.10',
28 silly addNameRange     '5.2.11',
28 silly addNameRange     '5.3.0',
28 silly addNameRange     '6.0.0',
28 silly addNameRange     '6.1.1',
28 silly addNameRange     '6.1.2' ] ]
29 verbose addNamed [ 'jeet', '6.1.2' ]
30 verbose addNamed [ '6.1.2', '6.1.2' ]
31 silly lockFile 858e1e5b-jeet-6-1-2 jeet@6.1.2
32 verbose lock jeet@6.1.2 /Users/Davidson/.npm/858e1e5b-jeet-6-1-2.lock
33 silly lockFile da730e01-ry-npmjs-org-jeet-jeet-6-1-2-tgz https://registry.npmjs.org/jeet/-/jeet-6.1.2.tgz
34 verbose lock https://registry.npmjs.org/jeet/-/jeet-6.1.2.tgz /Users/Davidson/.npm/da730e01-ry-npmjs-org-jeet-jeet-6-1-2-tgz.lock
35 verbose addRemoteTarball [ 'https://registry.npmjs.org/jeet/-/jeet-6.1.2.tgz',
35 verbose addRemoteTarball   '5d90f54df9cb953a89d79fadaabf509a87e19291' ]
36 info retry fetch attempt 1 at 17:05:41
37 verbose fetch to= /var/folders/bw/n9xdlm613fg_3t9hn7m9_t5c0000gn/T/npm-887-D8wv_BIj/registry.npmjs.org/jeet/-/jeet-6.1.2.tgz
38 http GET https://registry.npmjs.org/jeet/-/jeet-6.1.2.tgz
39 http 200 https://registry.npmjs.org/jeet/-/jeet-6.1.2.tgz
40 silly lockFile da730e01-ry-npmjs-org-jeet-jeet-6-1-2-tgz https://registry.npmjs.org/jeet/-/jeet-6.1.2.tgz
41 silly lockFile da730e01-ry-npmjs-org-jeet-jeet-6-1-2-tgz https://registry.npmjs.org/jeet/-/jeet-6.1.2.tgz
42 silly lockFile 858e1e5b-jeet-6-1-2 jeet@6.1.2
43 silly lockFile 858e1e5b-jeet-6-1-2 jeet@6.1.2
44 silly lockFile 8d729549-jeet jeet@
45 silly lockFile 8d729549-jeet jeet@
46 silly resolved [ { name: 'jeet',
46 silly resolved     maintainers: [ [Object], [Object] ],
46 silly resolved     main: 'stylus/jeet.js',
46 silly resolved     version: '6.1.2',
46 silly resolved     description: 'A grid system for humans.',
46 silly resolved     keywords: [ 'stylus', 'scss', 'css', 'framework', 'grid' ],
46 silly resolved     categories: [ 'CSS', 'Frameworks' ],
46 silly resolved     github: 'http://github.com/mojotech/jeet',
46 silly resolved     devDependencies:
46 silly resolved      { chai: '1.9.1',
46 silly resolved        'css-diff': '0.4.0',
46 silly resolved        mocha: '1.21.4',
46 silly resolved        'node-sass': '0.9.3',
46 silly resolved        should: '4.0.4',
46 silly resolved        stylus: '0.48.1' },
46 silly resolved     scripts: { test: 'mocha tests' },
46 silly resolved     preferGlobal: true,
46 silly resolved     repository: { type: 'git', url: 'https://github.com/mojotech/jeet.git' },
46 silly resolved     bugs:
46 silly resolved      { url: 'https://github.com/mojotech/jeet/issues',
46 silly resolved        email: 'cory@mojotech.com' },
46 silly resolved     license: 'MIT',
46 silly resolved     homepage: 'https://jeet.gs',
46 silly resolved     gitHead: '68c24d6cdbe3e02b4afed4c16e487085ceace221',
46 silly resolved     _id: 'jeet@6.1.2',
46 silly resolved     _shasum: '5d90f54df9cb953a89d79fadaabf509a87e19291',
46 silly resolved     _from: 'jeet@',
46 silly resolved     _npmVersion: '1.4.23',
46 silly resolved     _npmUser: { name: 'corysimmons', email: 'cory@mojotech.com' },
46 silly resolved     dist:
46 silly resolved      { shasum: '5d90f54df9cb953a89d79fadaabf509a87e19291',
46 silly resolved        tarball: 'http://registry.npmjs.org/jeet/-/jeet-6.1.2.tgz' },
46 silly resolved     directories: {},
46 silly resolved     _resolved: 'https://registry.npmjs.org/jeet/-/jeet-6.1.2.tgz' } ]
47 info install jeet@6.1.2 into /usr/local/lib
48 info installOne jeet@6.1.2
49 verbose lib/node_modules/jeet unbuild
50 verbose tar unpack /Users/Davidson/.npm/jeet/6.1.2/package.tgz
51 silly lockFile 6b6ea79c--usr-local-lib-node-modules-jeet tar:///usr/local/lib/node_modules/jeet
52 verbose lock tar:///usr/local/lib/node_modules/jeet /Users/Davidson/.npm/6b6ea79c--usr-local-lib-node-modules-jeet.lock
53 silly lockFile d1f84ae6-idson-npm-jeet-6-1-2-package-tgz tar:///Users/Davidson/.npm/jeet/6.1.2/package.tgz
54 verbose lock tar:///Users/Davidson/.npm/jeet/6.1.2/package.tgz /Users/Davidson/.npm/d1f84ae6-idson-npm-jeet-6-1-2-package-tgz.lock
55 silly gunzTarPerm modes [ '755', '644' ]
56 error Error: EACCES, mkdir '/usr/local/lib/node_modules/jeet'
56 error  { [Error: EACCES, mkdir '/usr/local/lib/node_modules/jeet']
56 error   errno: 3,
56 error   code: 'EACCES',
56 error   path: '/usr/local/lib/node_modules/jeet',
56 error   fstream_type: 'Directory',
56 error   fstream_path: '/usr/local/lib/node_modules/jeet',
56 error   fstream_class: 'DirWriter',
56 error   fstream_stack:
56 error    [ '/usr/local/lib/node_modules/npm/node_modules/fstream/lib/dir-writer.js:36:23',
56 error      '/usr/local/lib/node_modules/npm/node_modules/mkdirp/index.js:46:53',
56 error      'Object.oncomplete (fs.js:108:15)' ] }
57 error Please try running this command again as root/Administrator.
58 error System Darwin 14.1.0
59 error command "node" "/usr/local/bin/npm" "install" "jeet" "-g"
60 error cwd /Users/Davidson/vagrant-local/www/dan/htdocs/wp-content/themes/dan
61 error node -v v0.10.35
62 error npm -v 1.4.28
63 error path /usr/local/lib/node_modules/jeet
64 error fstream_path /usr/local/lib/node_modules/jeet
65 error fstream_type Directory
66 error fstream_class DirWriter
67 error code EACCES
68 error errno 3
69 error stack Error: EACCES, mkdir '/usr/local/lib/node_modules/jeet'
70 error fstream_stack /usr/local/lib/node_modules/npm/node_modules/fstream/lib/dir-writer.js:36:23
70 error fstream_stack /usr/local/lib/node_modules/npm/node_modules/mkdirp/index.js:46:53
70 error fstream_stack Object.oncomplete (fs.js:108:15)
71 verbose exit [ 3, true ]
